SF:lib/src/tcmb_api_client.dart
DA:15,1
DA:16,1
DA:17,1
DA:51,1
DA:52,5
DA:54,2
DA:56,2
DA:57,2
DA:60,2
DA:62,1
DA:64,1
DA:65,2
DA:67,1
DA:68,2
DA:70,1
DA:71,1
DA:73,4
DA:102,1
DA:103,1
DA:104,5
DA:108,1
DA:109,2
DA:110,2
DA:114,1
DA:115,12
DA:118,1
DA:119,2
LF:27
LH:27
end_of_record
SF:lib/src/failures.dart
DA:3,1
DA:10,1
LF:2
LH:2
end_of_record
SF:lib/src/models/currency.dart
DA:9,2
DA:22,4
DA:44,1
DA:46,11
LF:4
LH:4
end_of_record
SF:lib/src/models/currency.g.dart
DA:9,4
DA:10,2
DA:11,2
DA:12,2
DA:13,4
DA:14,4
DA:15,4
DA:16,4
DA:17,4
DA:18,4
DA:19,4
LF:11
LH:11
end_of_record
